2024-03-20T15:14:50.967-03:00  WARN 1012 --- [usercrud] [restartedMain] org.hibernate.orm.deprecation            : HHH90000025: PostgreSQLDialect does not need to be specified explicitly using 'hibernate.dialect' (remove the property setting and it will be selected by default)
2024-03-20T15:14:52.033-03:00  WARN 1012 --- [usercrud] [restartedMain] JpaBaseConfiguration$JpaWebConfiguration : spring.jpa.open-in-view is enabled by default. Therefore, database queries may be performed during view rendering. Explicitly configure spring.jpa.open-in-view to disable this warning
2024-03-20T15:14:52.125-03:00 DEBUG 1012 --- [usercrud] [restartedMain] s.w.s.m.m.a.RequestMappingHandlerMapping : 21 mappings in 'requestMappingHandlerMapping'
2024-03-20T15:14:52.505-03:00 DEBUG 1012 --- [usercrud] [restartedMain] o.s.w.s.handler.SimpleUrlHandlerMapping  : Patterns [/webjars/**, /**, /swagger-ui*/*swagger-initializer.js, /swagger-ui*/**] in 'resourceHandlerMapping'
2024-03-20T15:14:52.531-03:00 DEBUG 1012 --- [usercrud] [restartedMain] s.w.s.m.m.a.RequestMappingHandlerAdapter : ControllerAdvice beans: 0 @ModelAttribute, 0 @InitBinder, 1 RequestBodyAdvice, 1 ResponseBodyAdvice
2024-03-20T15:14:52.560-03:00 DEBUG 1012 --- [usercrud] [restartedMain] .m.m.a.ExceptionHandlerExceptionResolver : ControllerAdvice beans: 1 @ExceptionHandler, 1 ResponseBodyAdvice
2024-03-20T15:16:56.715-03:00  INFO 1012 --- [usercrud] [http-nio-8080-exec-1] o.s.web.servlet.DispatcherServlet        : Initializing Servlet 'dispatcherServlet'
2024-03-20T15:16:56.715-03:00 DEBUG 1012 --- [usercrud] [http-nio-8080-exec-1] o.s.web.servlet.DispatcherServlet        : Detected StandardServletMultipartResolver
2024-03-20T15:16:56.715-03:00 DEBUG 1012 --- [usercrud] [http-nio-8080-exec-1] o.s.web.servlet.DispatcherServlet        : Detected AcceptHeaderLocaleResolver
2024-03-20T15:16:56.715-03:00 DEBUG 1012 --- [usercrud] [http-nio-8080-exec-1] o.s.web.servlet.DispatcherServlet        : Detected FixedThemeResolver
2024-03-20T15:16:56.717-03:00 DEBUG 1012 --- [usercrud] [http-nio-8080-exec-1] o.s.web.servlet.DispatcherServlet        : Detected org.springframework.web.servlet.view.DefaultRequestToViewNameTranslator@56cd51d
2024-03-20T15:16:56.717-03:00 DEBUG 1012 --- [usercrud] [http-nio-8080-exec-1] o.s.web.servlet.DispatcherServlet        : Detected org.springframework.web.servlet.support.SessionFlashMapManager@24f141a4
2024-03-20T15:16:56.718-03:00 DEBUG 1012 --- [usercrud] [http-nio-8080-exec-1] o.s.web.servlet.DispatcherServlet        : enableLoggingRequestDetails='false': request parameters and headers will be masked to prevent unsafe logging of potentially sensitive data
2024-03-20T15:16:56.718-03:00  INFO 1012 --- [usercrud] [http-nio-8080-exec-1] o.s.web.servlet.DispatcherServlet        : Completed initialization in 3 ms
2024-03-20T15:16:56.726-03:00 DEBUG 1012 --- [usercrud] [http-nio-8080-exec-1] o.s.web.servlet.DispatcherServlet        : GET "/swagger-ui/index.html", parameters={}
2024-03-20T15:16:56.735-03:00 DEBUG 1012 --- [usercrud] [http-nio-8080-exec-1] o.s.w.s.handler.SimpleUrlHandlerMapping  : Mapped to ResourceHttpRequestHandler [classpath [META-INF/resources/webjars/]]
2024-03-20T15:16:56.753-03:00 DEBUG 1012 --- [usercrud] [http-nio-8080-exec-1] o.s.web.servlet.DispatcherServlet        : Completed 304 NOT_MODIFIED
2024-03-20T15:16:56.759-03:00 DEBUG 1012 --- [usercrud] [http-nio-8080-exec-2] o.s.web.servlet.DispatcherServlet        : GET "/swagger-ui/swagger-ui.css", parameters={}
2024-03-20T15:16:56.760-03:00 DEBUG 1012 --- [usercrud] [http-nio-8080-exec-2] o.s.w.s.handler.SimpleUrlHandlerMapping  : Mapped to ResourceHttpRequestHandler [classpath [META-INF/resources/webjars/]]
2024-03-20T15:16:56.760-03:00 DEBUG 1012 --- [usercrud] [http-nio-8080-exec-4] o.s.web.servlet.DispatcherServlet        : GET "/swagger-ui/swagger-initializer.js", parameters={}
2024-03-20T15:16:56.760-03:00 DEBUG 1012 --- [usercrud] [http-nio-8080-exec-4] o.s.w.s.handler.SimpleUrlHandlerMapping  : Mapped to ResourceHttpRequestHandler [classpath [META-INF/resources/webjars/]]
2024-03-20T15:16:56.761-03:00 DEBUG 1012 --- [usercrud] [http-nio-8080-exec-5] o.s.web.servlet.DispatcherServlet        : GET "/swagger-ui/swagger-ui-bundle.js", parameters={}
2024-03-20T15:16:56.761-03:00 DEBUG 1012 --- [usercrud] [http-nio-8080-exec-6] o.s.web.servlet.DispatcherServlet        : GET "/swagger-ui/swagger-ui-standalone-preset.js", parameters={}
2024-03-20T15:16:56.761-03:00 DEBUG 1012 --- [usercrud] [http-nio-8080-exec-3] o.s.web.servlet.DispatcherServlet        : GET "/swagger-ui/index.css", parameters={}
2024-03-20T15:16:56.761-03:00 DEBUG 1012 --- [usercrud] [http-nio-8080-exec-5] o.s.w.s.handler.SimpleUrlHandlerMapping  : Mapped to ResourceHttpRequestHandler [classpath [META-INF/resources/webjars/]]
2024-03-20T15:16:56.761-03:00 DEBUG 1012 --- [usercrud] [http-nio-8080-exec-2] o.s.web.servlet.DispatcherServlet        : Completed 304 NOT_MODIFIED
2024-03-20T15:16:56.761-03:00 DEBUG 1012 --- [usercrud] [http-nio-8080-exec-6] o.s.w.s.handler.SimpleUrlHandlerMapping  : Mapped to ResourceHttpRequestHandler [classpath [META-INF/resources/webjars/]]
2024-03-20T15:16:56.761-03:00 DEBUG 1012 --- [usercrud] [http-nio-8080-exec-3] o.s.w.s.handler.SimpleUrlHandlerMapping  : Mapped to ResourceHttpRequestHandler [classpath [META-INF/resources/webjars/]]
2024-03-20T15:16:56.762-03:00 DEBUG 1012 --- [usercrud] [http-nio-8080-exec-6] o.s.web.servlet.DispatcherServlet        : Completed 304 NOT_MODIFIED
2024-03-20T15:16:56.762-03:00 DEBUG 1012 --- [usercrud] [http-nio-8080-exec-5] o.s.web.servlet.DispatcherServlet        : Completed 304 NOT_MODIFIED
2024-03-20T15:16:56.763-03:00 DEBUG 1012 --- [usercrud] [http-nio-8080-exec-3] o.s.web.servlet.DispatcherServlet        : Completed 304 NOT_MODIFIED
2024-03-20T15:16:56.787-03:00 DEBUG 1012 --- [usercrud] [http-nio-8080-exec-4] o.s.web.servlet.DispatcherServlet        : Completed 200 OK
2024-03-20T15:16:56.913-03:00 DEBUG 1012 --- [usercrud] [http-nio-8080-exec-7] o.s.web.servlet.DispatcherServlet        : GET "/v3/api-docs/swagger-config", parameters={}
2024-03-20T15:16:56.915-03:00 DEBUG 1012 --- [usercrud] [http-nio-8080-exec-7] s.w.s.m.m.a.RequestMappingHandlerMapping : Mapped to org.springdoc.webmvc.ui.SwaggerConfigResource#openapiJson(HttpServletRequest)
2024-03-20T15:16:56.926-03:00 DEBUG 1012 --- [usercrud] [http-nio-8080-exec-7] m.m.a.RequestResponseBodyMethodProcessor : Using 'application/json', given [*/*] and supported [application/json]
2024-03-20T15:16:56.928-03:00 DEBUG 1012 --- [usercrud] [http-nio-8080-exec-7] m.m.a.RequestResponseBodyMethodProcessor : Writing [{configUrl=/v3/api-docs/swagger-config, oauth2RedirectUrl=http://localhost:8080/swagger-ui/oauth2-re (truncated)...]
2024-03-20T15:16:56.934-03:00 DEBUG 1012 --- [usercrud] [http-nio-8080-exec-7] o.s.web.servlet.DispatcherServlet        : Completed 200 OK
2024-03-20T15:16:56.949-03:00 DEBUG 1012 --- [usercrud] [http-nio-8080-exec-8] o.s.web.servlet.DispatcherServlet        : GET "/v3/api-docs", parameters={}
2024-03-20T15:16:56.950-03:00 DEBUG 1012 --- [usercrud] [http-nio-8080-exec-8] s.w.s.m.m.a.RequestMappingHandlerMapping : Mapped to org.springdoc.webmvc.api.OpenApiWebMvcResource#openapiJson(HttpServletRequest, String, Locale)
2024-03-20T15:16:57.211-03:00 DEBUG 1012 --- [usercrud] [http-nio-8080-exec-8] m.m.a.RequestResponseBodyMethodProcessor : Using 'application/json', given [application/json, */*] and supported [application/json]
2024-03-20T15:16:57.212-03:00 DEBUG 1012 --- [usercrud] [http-nio-8080-exec-8] m.m.a.RequestResponseBodyMethodProcessor : Writing ["{"openapi":"3.0.1","info":{"title":"OpenAPI definition","version":"v0"},"servers":[{"url":"http://lo (truncated)..."]
2024-03-20T15:16:57.214-03:00 DEBUG 1012 --- [usercrud] [http-nio-8080-exec-8] o.s.web.servlet.DispatcherServlet        : Completed 200 OK
2024-03-20T15:27:48.940-03:00  WARN 13816 --- [usercrud] [restartedMain] org.hibernate.orm.deprecation            : HHH90000025: PostgreSQLDialect does not need to be specified explicitly using 'hibernate.dialect' (remove the property setting and it will be selected by default)
2024-03-20T15:27:49.986-03:00  WARN 13816 --- [usercrud] [restartedMain] JpaBaseConfiguration$JpaWebConfiguration : spring.jpa.open-in-view is enabled by default. Therefore, database queries may be performed during view rendering. Explicitly configure spring.jpa.open-in-view to disable this warning
2024-03-20T15:27:50.086-03:00 DEBUG 13816 --- [usercrud] [restartedMain] s.w.s.m.m.a.RequestMappingHandlerMapping : 21 mappings in 'requestMappingHandlerMapping'
2024-03-20T15:27:50.455-03:00 DEBUG 13816 --- [usercrud] [restartedMain] o.s.w.s.handler.SimpleUrlHandlerMapping  : Patterns [/webjars/**, /**, /swagger-ui*/*swagger-initializer.js, /swagger-ui*/**] in 'resourceHandlerMapping'
2024-03-20T15:27:50.482-03:00 DEBUG 13816 --- [usercrud] [restartedMain] s.w.s.m.m.a.RequestMappingHandlerAdapter : ControllerAdvice beans: 0 @ModelAttribute, 0 @InitBinder, 1 RequestBodyAdvice, 1 ResponseBodyAdvice
2024-03-20T15:27:50.509-03:00 DEBUG 13816 --- [usercrud] [restartedMain] .m.m.a.ExceptionHandlerExceptionResolver : ControllerAdvice beans: 1 @ExceptionHandler, 1 ResponseBodyAdvice
2024-03-20T15:30:58.914-03:00  INFO 13816 --- [usercrud] [http-nio-8080-exec-1] o.s.web.servlet.DispatcherServlet        : Initializing Servlet 'dispatcherServlet'
2024-03-20T15:30:58.914-03:00 DEBUG 13816 --- [usercrud] [http-nio-8080-exec-1] o.s.web.servlet.DispatcherServlet        : Detected StandardServletMultipartResolver
2024-03-20T15:30:58.915-03:00 DEBUG 13816 --- [usercrud] [http-nio-8080-exec-1] o.s.web.servlet.DispatcherServlet        : Detected AcceptHeaderLocaleResolver
2024-03-20T15:30:58.915-03:00 DEBUG 13816 --- [usercrud] [http-nio-8080-exec-1] o.s.web.servlet.DispatcherServlet        : Detected FixedThemeResolver
2024-03-20T15:30:58.916-03:00 DEBUG 13816 --- [usercrud] [http-nio-8080-exec-1] o.s.web.servlet.DispatcherServlet        : Detected org.springframework.web.servlet.view.DefaultRequestToViewNameTranslator@7513fb86
2024-03-20T15:30:58.916-03:00 DEBUG 13816 --- [usercrud] [http-nio-8080-exec-1] o.s.web.servlet.DispatcherServlet        : Detected org.springframework.web.servlet.support.SessionFlashMapManager@211613db
2024-03-20T15:30:58.917-03:00 DEBUG 13816 --- [usercrud] [http-nio-8080-exec-1] o.s.web.servlet.DispatcherServlet        : enableLoggingRequestDetails='false': request parameters and headers will be masked to prevent unsafe logging of potentially sensitive data
2024-03-20T15:30:58.917-03:00  INFO 13816 --- [usercrud] [http-nio-8080-exec-1] o.s.web.servlet.DispatcherServlet        : Completed initialization in 3 ms
2024-03-20T15:30:58.924-03:00 DEBUG 13816 --- [usercrud] [http-nio-8080-exec-1] o.s.web.servlet.DispatcherServlet        : POST "/usuario/criaUsuario", parameters={}
2024-03-20T15:30:58.930-03:00 DEBUG 13816 --- [usercrud] [http-nio-8080-exec-1] s.w.s.m.m.a.RequestMappingHandlerMapping : Mapped to com.example.usercrud.controller.UsuarioController#inserir(UsuarioForm, UriComponentsBuilder)
2024-03-20T15:30:58.970-03:00 DEBUG 13816 --- [usercrud] [http-nio-8080-exec-1] m.m.a.RequestResponseBodyMethodProcessor : Read "application/json;charset=UTF-8" to [com.example.usercrud.controller.form.UsuarioForm@52f29cf5]
2024-03-20T15:30:59.034-03:00 DEBUG 13816 --- [usercrud] [http-nio-8080-exec-1] o.s.w.s.m.m.a.HttpEntityMethodProcessor  : Using 'application/json', given [*/*] and supported [application/json, application/*+json]
2024-03-20T15:30:59.036-03:00 DEBUG 13816 --- [usercrud] [http-nio-8080-exec-1] o.s.w.s.m.m.a.HttpEntityMethodProcessor  : Writing [UsuarioDTO(id=1, nome=Leandro Garcia, email=leo@gmail.com, comunidades=null)]
2024-03-20T15:30:59.046-03:00 DEBUG 13816 --- [usercrud] [http-nio-8080-exec-1] o.s.web.servlet.DispatcherServlet        : Completed 201 CREATED
2024-03-20T15:31:30.067-03:00 DEBUG 13816 --- [usercrud] [http-nio-8080-exec-2] o.s.web.servlet.DispatcherServlet        : POST "/usuario/criaUsuario", parameters={}
2024-03-20T15:31:30.068-03:00 DEBUG 13816 --- [usercrud] [http-nio-8080-exec-2] s.w.s.m.m.a.RequestMappingHandlerMapping : Mapped to com.example.usercrud.controller.UsuarioController#inserir(UsuarioForm, UriComponentsBuilder)
2024-03-20T15:31:30.068-03:00 DEBUG 13816 --- [usercrud] [http-nio-8080-exec-2] m.m.a.RequestResponseBodyMethodProcessor : Read "application/json;charset=UTF-8" to [com.example.usercrud.controller.form.UsuarioForm@5dca8730]
2024-03-20T15:31:30.076-03:00 DEBUG 13816 --- [usercrud] [http-nio-8080-exec-2] o.s.w.s.m.m.a.HttpEntityMethodProcessor  : Using 'application/json', given [*/*] and supported [application/json, application/*+json]
2024-03-20T15:31:30.077-03:00 DEBUG 13816 --- [usercrud] [http-nio-8080-exec-2] o.s.w.s.m.m.a.HttpEntityMethodProcessor  : Writing [UsuarioDTO(id=2, nome=Bruna Pereira, email=bruna@gmail.com, comunidades=null)]
2024-03-20T15:31:30.077-03:00 DEBUG 13816 --- [usercrud] [http-nio-8080-exec-2] o.s.web.servlet.DispatcherServlet        : Completed 201 CREATED
2024-03-20T15:32:49.550-03:00 DEBUG 13816 --- [usercrud] [http-nio-8080-exec-4] o.s.web.servlet.DispatcherServlet        : POST "/usuario/criaUsuario", parameters={}
2024-03-20T15:32:49.551-03:00 DEBUG 13816 --- [usercrud] [http-nio-8080-exec-4] s.w.s.m.m.a.RequestMappingHandlerMapping : Mapped to com.example.usercrud.controller.UsuarioController#inserir(UsuarioForm, UriComponentsBuilder)
2024-03-20T15:32:49.551-03:00 DEBUG 13816 --- [usercrud] [http-nio-8080-exec-4] m.m.a.RequestResponseBodyMethodProcessor : Read "application/json;charset=UTF-8" to [com.example.usercrud.controller.form.UsuarioForm@4517da04]
2024-03-20T15:32:49.558-03:00 DEBUG 13816 --- [usercrud] [http-nio-8080-exec-4] o.s.w.s.m.m.a.HttpEntityMethodProcessor  : Using 'application/json', given [*/*] and supported [application/json, application/*+json]
2024-03-20T15:32:49.558-03:00 DEBUG 13816 --- [usercrud] [http-nio-8080-exec-4] o.s.w.s.m.m.a.HttpEntityMethodProcessor  : Writing [UsuarioDTO(id=3, nome=Luiz Felipe, email=luiz@gmail.com, comunidades=null)]
2024-03-20T15:32:49.559-03:00 DEBUG 13816 --- [usercrud] [http-nio-8080-exec-4] o.s.web.servlet.DispatcherServlet        : Completed 201 CREATED
2024-03-20T15:34:47.436-03:00  WARN 13816 --- [usercrud] [restartedMain] org.hibernate.orm.deprecation            : HHH90000025: PostgreSQLDialect does not need to be specified explicitly using 'hibernate.dialect' (remove the property setting and it will be selected by default)
2024-03-20T15:34:47.598-03:00  WARN 13816 --- [usercrud] [restartedMain] JpaBaseConfiguration$JpaWebConfiguration : spring.jpa.open-in-view is enabled by default. Therefore, database queries may be performed during view rendering. Explicitly configure spring.jpa.open-in-view to disable this warning
2024-03-20T15:34:47.615-03:00 DEBUG 13816 --- [usercrud] [restartedMain] s.w.s.m.m.a.RequestMappingHandlerMapping : 21 mappings in 'requestMappingHandlerMapping'
2024-03-20T15:34:47.789-03:00 DEBUG 13816 --- [usercrud] [restartedMain] o.s.w.s.handler.SimpleUrlHandlerMapping  : Patterns [/webjars/**, /**, /swagger-ui*/*swagger-initializer.js, /swagger-ui*/**] in 'resourceHandlerMapping'
2024-03-20T15:34:47.795-03:00 DEBUG 13816 --- [usercrud] [restartedMain] s.w.s.m.m.a.RequestMappingHandlerAdapter : ControllerAdvice beans: 0 @ModelAttribute, 0 @InitBinder, 1 RequestBodyAdvice, 1 ResponseBodyAdvice
2024-03-20T15:34:47.798-03:00 DEBUG 13816 --- [usercrud] [restartedMain] .m.m.a.ExceptionHandlerExceptionResolver : ControllerAdvice beans: 1 @ExceptionHandler, 1 ResponseBodyAdvice
2024-03-20T16:13:57.394-03:00  WARN 13816 --- [usercrud] [restartedMain] org.hibernate.orm.deprecation            : HHH90000025: PostgreSQLDialect does not need to be specified explicitly using 'hibernate.dialect' (remove the property setting and it will be selected by default)
2024-03-20T16:13:57.541-03:00  WARN 13816 --- [usercrud] [restartedMain] JpaBaseConfiguration$JpaWebConfiguration : spring.jpa.open-in-view is enabled by default. Therefore, database queries may be performed during view rendering. Explicitly configure spring.jpa.open-in-view to disable this warning
2024-03-20T16:13:57.557-03:00 DEBUG 13816 --- [usercrud] [restartedMain] s.w.s.m.m.a.RequestMappingHandlerMapping : 21 mappings in 'requestMappingHandlerMapping'
2024-03-20T16:13:57.783-03:00 DEBUG 13816 --- [usercrud] [restartedMain] o.s.w.s.handler.SimpleUrlHandlerMapping  : Patterns [/webjars/**, /**, /swagger-ui*/*swagger-initializer.js, /swagger-ui*/**] in 'resourceHandlerMapping'
2024-03-20T16:13:57.787-03:00 DEBUG 13816 --- [usercrud] [restartedMain] s.w.s.m.m.a.RequestMappingHandlerAdapter : ControllerAdvice beans: 0 @ModelAttribute, 0 @InitBinder, 1 RequestBodyAdvice, 1 ResponseBodyAdvice
2024-03-20T16:13:57.789-03:00 DEBUG 13816 --- [usercrud] [restartedMain] .m.m.a.ExceptionHandlerExceptionResolver : ControllerAdvice beans: 1 @ExceptionHandler, 1 ResponseBodyAdvice
2024-03-20T16:22:45.985-03:00  WARN 1320 --- [usercrud] [restartedMain] org.hibernate.orm.deprecation            : HHH90000025: PostgreSQLDialect does not need to be specified explicitly using 'hibernate.dialect' (remove the property setting and it will be selected by default)
2024-03-20T16:22:47.078-03:00  WARN 1320 --- [usercrud] [restartedMain] JpaBaseConfiguration$JpaWebConfiguration : spring.jpa.open-in-view is enabled by default. Therefore, database queries may be performed during view rendering. Explicitly configure spring.jpa.open-in-view to disable this warning
2024-03-20T16:22:47.164-03:00 DEBUG 1320 --- [usercrud] [restartedMain] s.w.s.m.m.a.RequestMappingHandlerMapping : 21 mappings in 'requestMappingHandlerMapping'
2024-03-20T16:22:47.543-03:00 DEBUG 1320 --- [usercrud] [restartedMain] o.s.w.s.handler.SimpleUrlHandlerMapping  : Patterns [/webjars/**, /**, /swagger-ui*/*swagger-initializer.js, /swagger-ui*/**] in 'resourceHandlerMapping'
2024-03-20T16:22:47.568-03:00 DEBUG 1320 --- [usercrud] [restartedMain] s.w.s.m.m.a.RequestMappingHandlerAdapter : ControllerAdvice beans: 0 @ModelAttribute, 0 @InitBinder, 1 RequestBodyAdvice, 1 ResponseBodyAdvice
2024-03-20T16:22:47.594-03:00 DEBUG 1320 --- [usercrud] [restartedMain] .m.m.a.ExceptionHandlerExceptionResolver : ControllerAdvice beans: 1 @ExceptionHandler, 1 ResponseBodyAdvice
2024-03-20T16:23:59.886-03:00  WARN 1320 --- [usercrud] [restartedMain] org.hibernate.orm.deprecation            : HHH90000025: PostgreSQLDialect does not need to be specified explicitly using 'hibernate.dialect' (remove the property setting and it will be selected by default)
2024-03-20T16:24:00.044-03:00  WARN 1320 --- [usercrud] [restartedMain] JpaBaseConfiguration$JpaWebConfiguration : spring.jpa.open-in-view is enabled by default. Therefore, database queries may be performed during view rendering. Explicitly configure spring.jpa.open-in-view to disable this warning
2024-03-20T16:24:00.062-03:00 DEBUG 1320 --- [usercrud] [restartedMain] s.w.s.m.m.a.RequestMappingHandlerMapping : 21 mappings in 'requestMappingHandlerMapping'
2024-03-20T16:24:00.256-03:00 DEBUG 1320 --- [usercrud] [restartedMain] o.s.w.s.handler.SimpleUrlHandlerMapping  : Patterns [/webjars/**, /**, /swagger-ui*/*swagger-initializer.js, /swagger-ui*/**] in 'resourceHandlerMapping'
2024-03-20T16:24:00.261-03:00 DEBUG 1320 --- [usercrud] [restartedMain] s.w.s.m.m.a.RequestMappingHandlerAdapter : ControllerAdvice beans: 0 @ModelAttribute, 0 @InitBinder, 1 RequestBodyAdvice, 1 ResponseBodyAdvice
2024-03-20T16:24:00.263-03:00 DEBUG 1320 --- [usercrud] [restartedMain] .m.m.a.ExceptionHandlerExceptionResolver : ControllerAdvice beans: 1 @ExceptionHandler, 1 ResponseBodyAdvice
2024-03-20T16:25:04.336-03:00 DEBUG 14236 --- [usercrud] [main] o.s.w.c.s.GenericWebApplicationContext   : Refreshing org.springframework.web.context.support.GenericWebApplicationContext@599f571f
2024-03-20T16:25:05.825-03:00  WARN 14236 --- [usercrud] [main] org.hibernate.orm.deprecation            : HHH90000025: PostgreSQLDialect does not need to be specified explicitly using 'hibernate.dialect' (remove the property setting and it will be selected by default)
2024-03-20T16:25:07.068-03:00  WARN 14236 --- [usercrud] [main] JpaBaseConfiguration$JpaWebConfiguration : spring.jpa.open-in-view is enabled by default. Therefore, database queries may be performed during view rendering. Explicitly configure spring.jpa.open-in-view to disable this warning
2024-03-20T16:25:07.163-03:00 DEBUG 14236 --- [usercrud] [main] s.w.s.m.m.a.RequestMappingHandlerMapping : 21 mappings in 'requestMappingHandlerMapping'
2024-03-20T16:25:07.631-03:00 DEBUG 14236 --- [usercrud] [main] o.s.w.s.handler.SimpleUrlHandlerMapping  : Patterns [/webjars/**, /**, /swagger-ui*/*swagger-initializer.js, /swagger-ui*/**] in 'resourceHandlerMapping'
2024-03-20T16:25:07.666-03:00 DEBUG 14236 --- [usercrud] [main] s.w.s.m.m.a.RequestMappingHandlerAdapter : ControllerAdvice beans: 0 @ModelAttribute, 0 @InitBinder, 1 RequestBodyAdvice, 1 ResponseBodyAdvice
2024-03-20T16:25:07.701-03:00 DEBUG 14236 --- [usercrud] [main] .m.m.a.ExceptionHandlerExceptionResolver : ControllerAdvice beans: 1 @ExceptionHandler, 1 ResponseBodyAdvice
2024-03-20T16:25:08.309-03:00 DEBUG 14236 --- [usercrud] [SpringApplicationShutdownHook] o.s.w.c.s.GenericWebApplicationContext   : Closing org.springframework.web.context.support.GenericWebApplicationContext@599f571f, started on Wed Mar 20 16:25:04 BRT 2024
2024-03-20T16:26:09.782-03:00  WARN 12736 --- [usercrud] [restartedMain] org.hibernate.orm.deprecation            : HHH90000025: PostgreSQLDialect does not need to be specified explicitly using 'hibernate.dialect' (remove the property setting and it will be selected by default)
2024-03-20T16:26:10.905-03:00  WARN 12736 --- [usercrud] [restartedMain] JpaBaseConfiguration$JpaWebConfiguration : spring.jpa.open-in-view is enabled by default. Therefore, database queries may be performed during view rendering. Explicitly configure spring.jpa.open-in-view to disable this warning
2024-03-20T16:26:10.999-03:00 DEBUG 12736 --- [usercrud] [restartedMain] s.w.s.m.m.a.RequestMappingHandlerMapping : 21 mappings in 'requestMappingHandlerMapping'
2024-03-20T16:26:11.406-03:00 DEBUG 12736 --- [usercrud] [restartedMain] o.s.w.s.handler.SimpleUrlHandlerMapping  : Patterns [/webjars/**, /**, /swagger-ui*/*swagger-initializer.js, /swagger-ui*/**] in 'resourceHandlerMapping'
2024-03-20T16:26:11.434-03:00 DEBUG 12736 --- [usercrud] [restartedMain] s.w.s.m.m.a.RequestMappingHandlerAdapter : ControllerAdvice beans: 0 @ModelAttribute, 0 @InitBinder, 1 RequestBodyAdvice, 1 ResponseBodyAdvice
2024-03-20T16:26:11.466-03:00 DEBUG 12736 --- [usercrud] [restartedMain] .m.m.a.ExceptionHandlerExceptionResolver : ControllerAdvice beans: 1 @ExceptionHandler, 1 ResponseBodyAdvice
2024-03-20T16:26:18.968-03:00  INFO 12736 --- [usercrud] [http-nio-8080-exec-1] o.s.web.servlet.DispatcherServlet        : Initializing Servlet 'dispatcherServlet'
2024-03-20T16:26:18.968-03:00 DEBUG 12736 --- [usercrud] [http-nio-8080-exec-1] o.s.web.servlet.DispatcherServlet        : Detected StandardServletMultipartResolver
2024-03-20T16:26:18.969-03:00 DEBUG 12736 --- [usercrud] [http-nio-8080-exec-1] o.s.web.servlet.DispatcherServlet        : Detected AcceptHeaderLocaleResolver
2024-03-20T16:26:18.969-03:00 DEBUG 12736 --- [usercrud] [http-nio-8080-exec-1] o.s.web.servlet.DispatcherServlet        : Detected FixedThemeResolver
2024-03-20T16:26:18.970-03:00 DEBUG 12736 --- [usercrud] [http-nio-8080-exec-1] o.s.web.servlet.DispatcherServlet        : Detected org.springframework.web.servlet.view.DefaultRequestToViewNameTranslator@7a3120a0
2024-03-20T16:26:18.970-03:00 DEBUG 12736 --- [usercrud] [http-nio-8080-exec-1] o.s.web.servlet.DispatcherServlet        : Detected org.springframework.web.servlet.support.SessionFlashMapManager@140c4868
2024-03-20T16:26:18.971-03:00 DEBUG 12736 --- [usercrud] [http-nio-8080-exec-1] o.s.web.servlet.DispatcherServlet        : enableLoggingRequestDetails='false': request parameters and headers will be masked to prevent unsafe logging of potentially sensitive data
2024-03-20T16:26:18.971-03:00  INFO 12736 --- [usercrud] [http-nio-8080-exec-1] o.s.web.servlet.DispatcherServlet        : Completed initialization in 3 ms
2024-03-20T16:26:18.979-03:00 DEBUG 12736 --- [usercrud] [http-nio-8080-exec-1] o.s.web.servlet.DispatcherServlet        : GET "/swagger-ui/index.html", parameters={}
2024-03-20T16:26:18.985-03:00 DEBUG 12736 --- [usercrud] [http-nio-8080-exec-1] o.s.w.s.handler.SimpleUrlHandlerMapping  : Mapped to ResourceHttpRequestHandler [classpath [META-INF/resources/webjars/]]
2024-03-20T16:26:19.004-03:00 DEBUG 12736 --- [usercrud] [http-nio-8080-exec-1] o.s.web.servlet.DispatcherServlet        : Completed 200 OK
2024-03-20T16:26:19.009-03:00 DEBUG 12736 --- [usercrud] [http-nio-8080-exec-2] o.s.web.servlet.DispatcherServlet        : GET "/swagger-ui/swagger-initializer.js", parameters={}
2024-03-20T16:26:19.011-03:00 DEBUG 12736 --- [usercrud] [http-nio-8080-exec-2] o.s.w.s.handler.SimpleUrlHandlerMapping  : Mapped to ResourceHttpRequestHandler [classpath [META-INF/resources/webjars/]]
2024-03-20T16:26:19.028-03:00 DEBUG 12736 --- [usercrud] [http-nio-8080-exec-2] o.s.web.servlet.DispatcherServlet        : Completed 200 OK
2024-03-20T16:26:19.138-03:00 DEBUG 12736 --- [usercrud] [http-nio-8080-exec-3] o.s.web.servlet.DispatcherServlet        : GET "/v3/api-docs/swagger-config", parameters={}
2024-03-20T16:26:19.139-03:00 DEBUG 12736 --- [usercrud] [http-nio-8080-exec-4] o.s.web.servlet.DispatcherServlet        : GET "/swagger-ui/favicon-32x32.png", parameters={}
2024-03-20T16:26:19.139-03:00 DEBUG 12736 --- [usercrud] [http-nio-8080-exec-4] o.s.w.s.handler.SimpleUrlHandlerMapping  : Mapped to ResourceHttpRequestHandler [classpath [META-INF/resources/webjars/]]
2024-03-20T16:26:19.140-03:00 DEBUG 12736 --- [usercrud] [http-nio-8080-exec-3] s.w.s.m.m.a.RequestMappingHandlerMapping : Mapped to org.springdoc.webmvc.ui.SwaggerConfigResource#openapiJson(HttpServletRequest)
2024-03-20T16:26:19.141-03:00 DEBUG 12736 --- [usercrud] [http-nio-8080-exec-4] o.s.web.servlet.DispatcherServlet        : Completed 304 NOT_MODIFIED
2024-03-20T16:26:19.150-03:00 DEBUG 12736 --- [usercrud] [http-nio-8080-exec-3] m.m.a.RequestResponseBodyMethodProcessor : Using 'application/json', given [*/*] and supported [application/json]
2024-03-20T16:26:19.153-03:00 DEBUG 12736 --- [usercrud] [http-nio-8080-exec-3] m.m.a.RequestResponseBodyMethodProcessor : Writing [{configUrl=/v3/api-docs/swagger-config, oauth2RedirectUrl=http://localhost:8080/swagger-ui/oauth2-re (truncated)...]
2024-03-20T16:26:19.158-03:00 DEBUG 12736 --- [usercrud] [http-nio-8080-exec-3] o.s.web.servlet.DispatcherServlet        : Completed 200 OK
2024-03-20T16:26:19.170-03:00 DEBUG 12736 --- [usercrud] [http-nio-8080-exec-5] o.s.web.servlet.DispatcherServlet        : GET "/v3/api-docs", parameters={}
2024-03-20T16:26:19.171-03:00 DEBUG 12736 --- [usercrud] [http-nio-8080-exec-5] s.w.s.m.m.a.RequestMappingHandlerMapping : Mapped to org.springdoc.webmvc.api.OpenApiWebMvcResource#openapiJson(HttpServletRequest, String, Locale)
2024-03-20T16:26:19.480-03:00 DEBUG 12736 --- [usercrud] [http-nio-8080-exec-5] m.m.a.RequestResponseBodyMethodProcessor : Using 'application/json', given [application/json, */*] and supported [application/json]
2024-03-20T16:26:19.481-03:00 DEBUG 12736 --- [usercrud] [http-nio-8080-exec-5] m.m.a.RequestResponseBodyMethodProcessor : Writing ["{"openapi":"3.0.1","info":{"title":"OpenAPI definition","version":"v0"},"servers":[{"url":"http://lo (truncated)..."]
2024-03-20T16:26:19.482-03:00 DEBUG 12736 --- [usercrud] [http-nio-8080-exec-5] o.s.web.servlet.DispatcherServlet        : Completed 200 OK
2024-03-20T16:27:04.216-03:00 DEBUG 12736 --- [usercrud] [http-nio-8080-exec-6] o.s.web.servlet.DispatcherServlet        : POST "/usuario/criaUsuario", parameters={}
2024-03-20T16:27:04.216-03:00 DEBUG 12736 --- [usercrud] [http-nio-8080-exec-6] s.w.s.m.m.a.RequestMappingHandlerMapping : Mapped to com.example.usercrud.controller.UsuarioController#inserir(UsuarioForm, UriComponentsBuilder)
2024-03-20T16:27:04.226-03:00 DEBUG 12736 --- [usercrud] [http-nio-8080-exec-6] m.m.a.RequestResponseBodyMethodProcessor : Read "application/json;charset=UTF-8" to [com.example.usercrud.controller.form.UsuarioForm@5bf93516]
2024-03-20T16:27:04.273-03:00 DEBUG 12736 --- [usercrud] [http-nio-8080-exec-6] o.s.w.s.m.m.a.HttpEntityMethodProcessor  : Using 'application/json', given [*/*] and supported [application/json, application/*+json]
2024-03-20T16:27:04.274-03:00 DEBUG 12736 --- [usercrud] [http-nio-8080-exec-6] o.s.w.s.m.m.a.HttpEntityMethodProcessor  : Writing [UsuarioDTO(id=1, nome=Leandro Garcia, email=leo@gmail.com, comunidades=null)]
2024-03-20T16:27:04.276-03:00 DEBUG 12736 --- [usercrud] [http-nio-8080-exec-6] o.s.web.servlet.DispatcherServlet        : Completed 201 CREATED
2024-03-20T16:27:25.867-03:00 DEBUG 12736 --- [usercrud] [http-nio-8080-exec-8] o.s.web.servlet.DispatcherServlet        : POST "/usuario/criaUsuario", parameters={}
2024-03-20T16:27:25.868-03:00 DEBUG 12736 --- [usercrud] [http-nio-8080-exec-8] s.w.s.m.m.a.RequestMappingHandlerMapping : Mapped to com.example.usercrud.controller.UsuarioController#inserir(UsuarioForm, UriComponentsBuilder)
2024-03-20T16:27:25.869-03:00 DEBUG 12736 --- [usercrud] [http-nio-8080-exec-8] m.m.a.RequestResponseBodyMethodProcessor : Read "application/json;charset=UTF-8" to [com.example.usercrud.controller.form.UsuarioForm@4470c44a]
2024-03-20T16:27:25.876-03:00 DEBUG 12736 --- [usercrud] [http-nio-8080-exec-8] o.s.w.s.m.m.a.HttpEntityMethodProcessor  : Using 'application/json', given [*/*] and supported [application/json, application/*+json]
2024-03-20T16:27:25.877-03:00 DEBUG 12736 --- [usercrud] [http-nio-8080-exec-8] o.s.w.s.m.m.a.HttpEntityMethodProcessor  : Writing [UsuarioDTO(id=2, nome=Bruna Pereira, email=bru@gmail.com, comunidades=null)]
2024-03-20T16:27:25.878-03:00 DEBUG 12736 --- [usercrud] [http-nio-8080-exec-8] o.s.web.servlet.DispatcherServlet        : Completed 201 CREATED
2024-03-20T16:27:44.917-03:00 DEBUG 12736 --- [usercrud] [http-nio-8080-exec-9] o.s.web.servlet.DispatcherServlet        : POST "/usuario/criaUsuario", parameters={}
2024-03-20T16:27:44.918-03:00 DEBUG 12736 --- [usercrud] [http-nio-8080-exec-9] s.w.s.m.m.a.RequestMappingHandlerMapping : Mapped to com.example.usercrud.controller.UsuarioController#inserir(UsuarioForm, UriComponentsBuilder)
2024-03-20T16:27:44.918-03:00 DEBUG 12736 --- [usercrud] [http-nio-8080-exec-9] m.m.a.RequestResponseBodyMethodProcessor : Read "application/json;charset=UTF-8" to [com.example.usercrud.controller.form.UsuarioForm@639e6d43]
2024-03-20T16:27:44.926-03:00 DEBUG 12736 --- [usercrud] [http-nio-8080-exec-9] o.s.w.s.m.m.a.HttpEntityMethodProcessor  : Using 'application/json', given [*/*] and supported [application/json, application/*+json]
2024-03-20T16:27:44.927-03:00 DEBUG 12736 --- [usercrud] [http-nio-8080-exec-9] o.s.w.s.m.m.a.HttpEntityMethodProcessor  : Writing [UsuarioDTO(id=3, nome=Luiz Felipe, email=luiz@gmail.com, comunidades=null)]
2024-03-20T16:27:44.928-03:00 DEBUG 12736 --- [usercrud] [http-nio-8080-exec-9] o.s.web.servlet.DispatcherServlet        : Completed 201 CREATED
2024-03-20T16:28:08.269-03:00 DEBUG 12736 --- [usercrud] [http-nio-8080-exec-10] o.s.web.servlet.DispatcherServlet        : GET "/usuario/2", parameters={}
2024-03-20T16:28:08.269-03:00 DEBUG 12736 --- [usercrud] [http-nio-8080-exec-10] s.w.s.m.m.a.RequestMappingHandlerMapping : Mapped to com.example.usercrud.controller.UsuarioController#listaUsuarios(Long)
2024-03-20T16:28:08.300-03:00 DEBUG 12736 --- [usercrud] [http-nio-8080-exec-10] o.s.w.s.m.m.a.HttpEntityMethodProcessor  : Using 'application/json', given [*/*] and supported [application/json, application/*+json]
2024-03-20T16:28:08.300-03:00 DEBUG 12736 --- [usercrud] [http-nio-8080-exec-10] o.s.w.s.m.m.a.HttpEntityMethodProcessor  : Writing [UsuarioDTO(id=2, nome=Bruna Pereira, email=bru@gmail.com, comunidades=null)]
2024-03-20T16:28:08.301-03:00 DEBUG 12736 --- [usercrud] [http-nio-8080-exec-10] o.s.web.servlet.DispatcherServlet        : Completed 200 OK
2024-03-20T16:28:47.006-03:00 DEBUG 12736 --- [usercrud] [http-nio-8080-exec-1] o.s.web.servlet.DispatcherServlet        : PUT "/usuario/1", parameters={}
2024-03-20T16:28:47.006-03:00 DEBUG 12736 --- [usercrud] [http-nio-8080-exec-1] s.w.s.m.m.a.RequestMappingHandlerMapping : Mapped to com.example.usercrud.controller.UsuarioController#alterar(Long, UsuarioForm)
2024-03-20T16:28:47.007-03:00 DEBUG 12736 --- [usercrud] [http-nio-8080-exec-1] m.m.a.RequestResponseBodyMethodProcessor : Read "application/json;charset=UTF-8" to [com.example.usercrud.controller.form.UsuarioForm@e841075]
2024-03-20T16:28:47.038-03:00 DEBUG 12736 --- [usercrud] [http-nio-8080-exec-1] o.s.w.s.m.m.a.HttpEntityMethodProcessor  : Using 'application/json', given [*/*] and supported [application/json, application/*+json]
2024-03-20T16:28:47.038-03:00 DEBUG 12736 --- [usercrud] [http-nio-8080-exec-1] o.s.w.s.m.m.a.HttpEntityMethodProcessor  : Writing [UsuarioDTO(id=1, nome=Leandro Cerqueira, email=leo@gmail.com, comunidades=null)]
2024-03-20T16:28:47.039-03:00 DEBUG 12736 --- [usercrud] [http-nio-8080-exec-1] o.s.web.servlet.DispatcherServlet        : Completed 200 OK
2024-03-20T16:29:02.641-03:00 DEBUG 12736 --- [usercrud] [http-nio-8080-exec-2] o.s.web.servlet.DispatcherServlet        : GET "/usuario/?nome=%20", parameters={masked}
2024-03-20T16:29:02.641-03:00 DEBUG 12736 --- [usercrud] [http-nio-8080-exec-2] s.w.s.m.m.a.RequestMappingHandlerMapping : Mapped to com.example.usercrud.controller.UsuarioController#listaUsuarios(String)
2024-03-20T16:29:02.697-03:00 DEBUG 12736 --- [usercrud] [http-nio-8080-exec-2] m.m.a.RequestResponseBodyMethodProcessor : Using 'application/json', given [*/*] and supported [application/json, application/*+json]
2024-03-20T16:29:02.698-03:00 DEBUG 12736 --- [usercrud] [http-nio-8080-exec-2] m.m.a.RequestResponseBodyMethodProcessor : Writing [[]]
2024-03-20T16:29:02.699-03:00 DEBUG 12736 --- [usercrud] [http-nio-8080-exec-2] o.s.web.servlet.DispatcherServlet        : Completed 200 OK
2024-03-20T16:29:14.088-03:00 DEBUG 12736 --- [usercrud] [http-nio-8080-exec-4] o.s.web.servlet.DispatcherServlet        : GET "/usuario/?nome=null", parameters={masked}
2024-03-20T16:29:14.088-03:00 DEBUG 12736 --- [usercrud] [http-nio-8080-exec-4] s.w.s.m.m.a.RequestMappingHandlerMapping : Mapped to com.example.usercrud.controller.UsuarioController#listaUsuarios(String)
2024-03-20T16:29:14.090-03:00 DEBUG 12736 --- [usercrud] [http-nio-8080-exec-4] m.m.a.RequestResponseBodyMethodProcessor : Using 'application/json', given [*/*] and supported [application/json, application/*+json]
2024-03-20T16:29:14.091-03:00 DEBUG 12736 --- [usercrud] [http-nio-8080-exec-4] m.m.a.RequestResponseBodyMethodProcessor : Writing [[]]
2024-03-20T16:29:14.091-03:00 DEBUG 12736 --- [usercrud] [http-nio-8080-exec-4] o.s.web.servlet.DispatcherServlet        : Completed 200 OK
2024-03-20T16:29:19.847-03:00 DEBUG 12736 --- [usercrud] [http-nio-8080-exec-3] o.s.web.servlet.DispatcherServlet        : GET "/usuario/?nome=%20Leandro", parameters={masked}
2024-03-20T16:29:19.848-03:00 DEBUG 12736 --- [usercrud] [http-nio-8080-exec-3] s.w.s.m.m.a.RequestMappingHandlerMapping : Mapped to com.example.usercrud.controller.UsuarioController#listaUsuarios(String)
2024-03-20T16:29:19.850-03:00 DEBUG 12736 --- [usercrud] [http-nio-8080-exec-3] m.m.a.RequestResponseBodyMethodProcessor : Using 'application/json', given [*/*] and supported [application/json, application/*+json]
2024-03-20T16:29:19.850-03:00 DEBUG 12736 --- [usercrud] [http-nio-8080-exec-3] m.m.a.RequestResponseBodyMethodProcessor : Writing [[]]
2024-03-20T16:29:19.851-03:00 DEBUG 12736 --- [usercrud] [http-nio-8080-exec-3] o.s.web.servlet.DispatcherServlet        : Completed 200 OK
2024-03-20T16:29:25.275-03:00 DEBUG 12736 --- [usercrud] [http-nio-8080-exec-5] o.s.web.servlet.DispatcherServlet        : GET "/usuario/?nome=%20Leandro%20Cerqueira", parameters={masked}
2024-03-20T16:29:25.275-03:00 DEBUG 12736 --- [usercrud] [http-nio-8080-exec-5] s.w.s.m.m.a.RequestMappingHandlerMapping : Mapped to com.example.usercrud.controller.UsuarioController#listaUsuarios(String)
2024-03-20T16:29:25.279-03:00 DEBUG 12736 --- [usercrud] [http-nio-8080-exec-5] m.m.a.RequestResponseBodyMethodProcessor : Using 'application/json', given [*/*] and supported [application/json, application/*+json]
2024-03-20T16:29:25.279-03:00 DEBUG 12736 --- [usercrud] [http-nio-8080-exec-5] m.m.a.RequestResponseBodyMethodProcessor : Writing [[UsuarioDTO(id=1, nome=Leandro Cerqueira, email=leo@gmail.com, comunidades=null)]]
2024-03-20T16:29:25.280-03:00 DEBUG 12736 --- [usercrud] [http-nio-8080-exec-5] o.s.web.servlet.DispatcherServlet        : Completed 200 OK
2024-03-20T16:31:10.480-03:00 DEBUG 12736 --- [usercrud] [http-nio-8080-exec-7] o.s.web.servlet.DispatcherServlet        : POST "/post/criaPost", parameters={}
2024-03-20T16:31:10.481-03:00 DEBUG 12736 --- [usercrud] [http-nio-8080-exec-7] s.w.s.m.m.a.RequestMappingHandlerMapping : Mapped to com.example.usercrud.controller.PostController#criarPost(PostForm, UriComponentsBuilder)
2024-03-20T16:31:10.485-03:00 DEBUG 12736 --- [usercrud] [http-nio-8080-exec-7] m.m.a.RequestResponseBodyMethodProcessor : Read "application/json;charset=UTF-8" to [PostForm(titulo=teste, conteudo=estou testando a aplicacao..., usuario=UsuarioDTO(id=1, nome=null, e (truncated)...]
2024-03-20T16:31:10.487-03:00 DEBUG 12736 --- [usercrud] [http-nio-8080-exec-7] o.s.web.servlet.DispatcherServlet        : Failed to complete request: java.lang.NullPointerException: Cannot invoke "com.example.usercrud.model.Usuario.getId()" because the return value of "com.example.usercrud.model.Post.getUsuario()" is null
2024-03-20T16:31:10.488-03:00 ERROR 12736 --- [usercrud] [http-nio-8080-exec-7] o.a.c.c.C.[.[.[/].[dispatcherServlet]    : Servlet.service() for servlet [dispatcherServlet] in context with path [] threw exception [Request processing failed: java.lang.NullPointerException: Cannot invoke "com.example.usercrud.model.Usuario.getId()" because the return value of "com.example.usercrud.model.Post.getUsuario()" is null] with root cause

java.lang.NullPointerException: Cannot invoke "com.example.usercrud.model.Usuario.getId()" because the return value of "com.example.usercrud.model.Post.getUsuario()" is null
	at com.example.usercrud.controller.PostController.criarPost(PostController.java:62) ~[classes/:na]
	at java.base/jdk.internal.reflect.NativeMethodAccessorImpl.invoke0(Native Method) ~[na:na]
	at java.base/jdk.internal.reflect.NativeMethodAccessorImpl.invoke(NativeMethodAccessorImpl.java:77) ~[na:na]
	at java.base/jdk.internal.reflect.DelegatingMethodAccessorImpl.invoke(DelegatingMethodAccessorImpl.java:43) ~[na:na]
	at java.base/java.lang.reflect.Method.invoke(Method.java:568) ~[na:na]
	at org.springframework.web.method.support.InvocableHandlerMethod.doInvoke(InvocableHandlerMethod.java:259) ~[spring-web-6.1.4.jar:6.1.4]
	at org.springframework.web.method.support.InvocableHandlerMethod.invokeForRequest(InvocableHandlerMethod.java:192) ~[spring-web-6.1.4.jar:6.1.4]
	at org.springframework.web.servlet.mvc.method.annotation.ServletInvocableHandlerMethod.invokeAndHandle(ServletInvocableHandlerMethod.java:118) ~[spring-webmvc-6.1.4.jar:6.1.4]
	at org.springframework.web.servlet.mvc.method.annotation.RequestMappingHandlerAdapter.invokeHandlerMethod(RequestMappingHandlerAdapter.java:920) ~[spring-webmvc-6.1.4.jar:6.1.4]
	at org.springframework.web.servlet.mvc.method.annotation.RequestMappingHandlerAdapter.handleInternal(RequestMappingHandlerAdapter.java:830) ~[spring-webmvc-6.1.4.jar:6.1.4]
	at org.springframework.web.servlet.mvc.method.AbstractHandlerMethodAdapter.handle(AbstractHandlerMethodAdapter.java:87) ~[spring-webmvc-6.1.4.jar:6.1.4]
	at org.springframework.web.servlet.DispatcherServlet.doDispatch(DispatcherServlet.java:1089) ~[spring-webmvc-6.1.4.jar:6.1.4]
	at org.springframework.web.servlet.DispatcherServlet.doService(DispatcherServlet.java:979) ~[spring-webmvc-6.1.4.jar:6.1.4]
	at org.springframework.web.servlet.FrameworkServlet.processRequest(FrameworkServlet.java:1014) ~[spring-webmvc-6.1.4.jar:6.1.4]
	at org.springframework.web.servlet.FrameworkServlet.doPost(FrameworkServlet.java:914) ~[spring-webmvc-6.1.4.jar:6.1.4]
	at jakarta.servlet.http.HttpServlet.service(HttpServlet.java:590) ~[tomcat-embed-core-10.1.19.jar:6.0]
	at org.springframework.web.servlet.FrameworkServlet.service(FrameworkServlet.java:885) ~[spring-webmvc-6.1.4.jar:6.1.4]
	at jakarta.servlet.http.HttpServlet.service(HttpServlet.java:658) ~[tomcat-embed-core-10.1.19.jar:6.0]
	at org.apache.catalina.core.ApplicationFilterChain.internalDoFilter(ApplicationFilterChain.java:205) ~[tomcat-embed-core-10.1.19.jar:10.1.19]
	at org.apache.catalina.core.ApplicationFilterChain.doFilter(ApplicationFilterChain.java:149) ~[tomcat-embed-core-10.1.19.jar:10.1.19]
	at org.apache.tomcat.websocket.server.WsFilter.doFilter(WsFilter.java:51) ~[tomcat-embed-websocket-10.1.19.jar:10.1.19]
	at org.apache.catalina.core.ApplicationFilterChain.internalDoFilter(ApplicationFilterChain.java:174) ~[tomcat-embed-core-10.1.19.jar:10.1.19]
	at org.apache.catalina.core.ApplicationFilterChain.doFilter(ApplicationFilterChain.java:149) ~[tomcat-embed-core-10.1.19.jar:10.1.19]
	at org.springframework.web.filter.RequestContextFilter.doFilterInternal(RequestContextFilter.java:100) ~[spring-web-6.1.4.jar:6.1.4]
	at org.springframework.web.filter.OncePerRequestFilter.doFilter(OncePerRequestFilter.java:116) ~[spring-web-6.1.4.jar:6.1.4]
	at org.apache.catalina.core.ApplicationFilterChain.internalDoFilter(ApplicationFilterChain.java:174) ~[tomcat-embed-core-10.1.19.jar:10.1.19]
	at org.apache.catalina.core.ApplicationFilterChain.doFilter(ApplicationFilterChain.java:149) ~[tomcat-embed-core-10.1.19.jar:10.1.19]
	at org.springframework.web.filter.FormContentFilter.doFilterInternal(FormContentFilter.java:93) ~[spring-web-6.1.4.jar:6.1.4]
	at org.springframework.web.filter.OncePerRequestFilter.doFilter(OncePerRequestFilter.java:116) ~[spring-web-6.1.4.jar:6.1.4]
	at org.apache.catalina.core.ApplicationFilterChain.internalDoFilter(ApplicationFilterChain.java:174) ~[tomcat-embed-core-10.1.19.jar:10.1.19]
	at org.apache.catalina.core.ApplicationFilterChain.doFilter(ApplicationFilterChain.java:149) ~[tomcat-embed-core-10.1.19.jar:10.1.19]
	at org.springframework.web.filter.CharacterEncodingFilter.doFilterInternal(CharacterEncodingFilter.java:201) ~[spring-web-6.1.4.jar:6.1.4]
	at org.springframework.web.filter.OncePerRequestFilter.doFilter(OncePerRequestFilter.java:116) ~[spring-web-6.1.4.jar:6.1.4]
	at org.apache.catalina.core.ApplicationFilterChain.internalDoFilter(ApplicationFilterChain.java:174) ~[tomcat-embed-core-10.1.19.jar:10.1.19]
	at org.apache.catalina.core.ApplicationFilterChain.doFilter(ApplicationFilterChain.java:149) ~[tomcat-embed-core-10.1.19.jar:10.1.19]
	at org.apache.catalina.core.StandardWrapperValve.invoke(StandardWrapperValve.java:167) ~[tomcat-embed-core-10.1.19.jar:10.1.19]
	at org.apache.catalina.core.StandardContextValve.invoke(StandardContextValve.java:90) ~[tomcat-embed-core-10.1.19.jar:10.1.19]
	at org.apache.catalina.authenticator.AuthenticatorBase.invoke(AuthenticatorBase.java:482) ~[tomcat-embed-core-10.1.19.jar:10.1.19]
	at org.apache.catalina.core.StandardHostValve.invoke(StandardHostValve.java:115) ~[tomcat-embed-core-10.1.19.jar:10.1.19]
	at org.apache.catalina.valves.ErrorReportValve.invoke(ErrorReportValve.java:93) ~[tomcat-embed-core-10.1.19.jar:10.1.19]
	at org.apache.catalina.core.StandardEngineValve.invoke(StandardEngineValve.java:74) ~[tomcat-embed-core-10.1.19.jar:10.1.19]
	at org.apache.catalina.connector.CoyoteAdapter.service(CoyoteAdapter.java:344) ~[tomcat-embed-core-10.1.19.jar:10.1.19]
	at org.apache.coyote.http11.Http11Processor.service(Http11Processor.java:391) ~[tomcat-embed-core-10.1.19.jar:10.1.19]
	at org.apache.coyote.AbstractProcessorLight.process(AbstractProcessorLight.java:63) ~[tomcat-embed-core-10.1.19.jar:10.1.19]
	at org.apache.coyote.AbstractProtocol$ConnectionHandler.process(AbstractProtocol.java:896) ~[tomcat-embed-core-10.1.19.jar:10.1.19]
	at org.apache.tomcat.util.net.NioEndpoint$SocketProcessor.doRun(NioEndpoint.java:1744) ~[tomcat-embed-core-10.1.19.jar:10.1.19]
	at org.apache.tomcat.util.net.SocketProcessorBase.run(SocketProcessorBase.java:52) ~[tomcat-embed-core-10.1.19.jar:10.1.19]
	at org.apache.tomcat.util.threads.ThreadPoolExecutor.runWorker(ThreadPoolExecutor.java:1191) ~[tomcat-embed-core-10.1.19.jar:10.1.19]
	at org.apache.tomcat.util.threads.ThreadPoolExecutor$Worker.run(ThreadPoolExecutor.java:659) ~[tomcat-embed-core-10.1.19.jar:10.1.19]
	at org.apache.tomcat.util.threads.TaskThread$WrappingRunnable.run(TaskThread.java:63) ~[tomcat-embed-core-10.1.19.jar:10.1.19]
	at java.base/java.lang.Thread.run(Thread.java:840) ~[na:na]

2024-03-20T16:31:10.496-03:00 DEBUG 12736 --- [usercrud] [http-nio-8080-exec-7] o.s.web.servlet.DispatcherServlet        : "ERROR" dispatch for POST "/error", parameters={}
2024-03-20T16:31:10.498-03:00 DEBUG 12736 --- [usercrud] [http-nio-8080-exec-7] s.w.s.m.m.a.RequestMappingHandlerMapping : Mapped to org.springframework.boot.autoconfigure.web.servlet.error.BasicErrorController#error(HttpServletRequest)
2024-03-20T16:31:10.500-03:00 DEBUG 12736 --- [usercrud] [http-nio-8080-exec-7] o.s.w.s.m.m.a.HttpEntityMethodProcessor  : Using 'application/json', given [*/*] and supported [application/json, application/*+json]
2024-03-20T16:31:10.500-03:00 DEBUG 12736 --- [usercrud] [http-nio-8080-exec-7] o.s.w.s.m.m.a.HttpEntityMethodProcessor  : Writing [{timestamp=Wed Mar 20 16:31:10 BRT 2024, status=500, error=Internal Server Error, trace=java.lang.Nu (truncated)...]
2024-03-20T16:31:10.504-03:00 DEBUG 12736 --- [usercrud] [http-nio-8080-exec-7] o.s.web.servlet.DispatcherServlet        : Exiting from "ERROR" dispatch, status 500
2024-03-20T16:33:25.179-03:00 DEBUG 12736 --- [usercrud] [http-nio-8080-exec-8] o.s.web.servlet.DispatcherServlet        : POST "/post/criaPost", parameters={}
2024-03-20T16:33:25.179-03:00 DEBUG 12736 --- [usercrud] [http-nio-8080-exec-8] s.w.s.m.m.a.RequestMappingHandlerMapping : Mapped to com.example.usercrud.controller.PostController#criarPost(PostForm, UriComponentsBuilder)
2024-03-20T16:33:25.183-03:00 DEBUG 12736 --- [usercrud] [http-nio-8080-exec-8] o.s.web.method.HandlerMethod             : Could not resolve parameter [0] in public org.springframework.http.ResponseEntity<com.example.usercrud.model.Post> com.example.usercrud.controller.PostController.criarPost(com.example.usercrud.controller.form.PostForm,org.springframework.web.util.UriComponentsBuilder): JSON parse error: Unexpected character ('"' (code 34)): was expecting comma to separate Object entries
2024-03-20T16:33:25.184-03:00  WARN 12736 --- [usercrud] [http-nio-8080-exec-8] .w.s.m.s.DefaultHandlerExceptionResolver : Resolved [org.springframework.http.converter.HttpMessageNotReadableException: JSON parse error: Unexpected character ('"' (code 34)): was expecting comma to separate Object entries]
2024-03-20T16:33:25.184-03:00 DEBUG 12736 --- [usercrud] [http-nio-8080-exec-8] o.s.web.servlet.DispatcherServlet        : Completed 400 BAD_REQUEST
2024-03-20T16:33:25.184-03:00 DEBUG 12736 --- [usercrud] [http-nio-8080-exec-8] o.s.web.servlet.DispatcherServlet        : "ERROR" dispatch for POST "/error", parameters={}
2024-03-20T16:33:25.185-03:00 DEBUG 12736 --- [usercrud] [http-nio-8080-exec-8] s.w.s.m.m.a.RequestMappingHandlerMapping : Mapped to org.springframework.boot.autoconfigure.web.servlet.error.BasicErrorController#error(HttpServletRequest)
2024-03-20T16:33:25.186-03:00 DEBUG 12736 --- [usercrud] [http-nio-8080-exec-8] o.s.w.s.m.m.a.HttpEntityMethodProcessor  : Using 'application/json', given [*/*] and supported [application/json, application/*+json]
2024-03-20T16:33:25.186-03:00 DEBUG 12736 --- [usercrud] [http-nio-8080-exec-8] o.s.w.s.m.m.a.HttpEntityMethodProcessor  : Writing [{timestamp=Wed Mar 20 16:33:25 BRT 2024, status=400, error=Bad Request, trace=org.springframework.ht (truncated)...]
2024-03-20T16:33:25.187-03:00 DEBUG 12736 --- [usercrud] [http-nio-8080-exec-8] o.s.web.servlet.DispatcherServlet        : Exiting from "ERROR" dispatch, status 400
2024-03-20T16:33:42.292-03:00 DEBUG 12736 --- [usercrud] [http-nio-8080-exec-9] o.s.web.servlet.DispatcherServlet        : POST "/post/criaPost", parameters={}
2024-03-20T16:33:42.292-03:00 DEBUG 12736 --- [usercrud] [http-nio-8080-exec-9] s.w.s.m.m.a.RequestMappingHandlerMapping : Mapped to com.example.usercrud.controller.PostController#criarPost(PostForm, UriComponentsBuilder)
2024-03-20T16:33:42.293-03:00 DEBUG 12736 --- [usercrud] [http-nio-8080-exec-9] m.m.a.RequestResponseBodyMethodProcessor : Read "application/json;charset=UTF-8" to [PostForm(titulo=teste, conteudo=estou testando o app..., usuario=UsuarioDTO(id=1, nome=null, email=n (truncated)...]
2024-03-20T16:33:42.293-03:00 DEBUG 12736 --- [usercrud] [http-nio-8080-exec-9] o.s.web.servlet.DispatcherServlet        : Failed to complete request: java.lang.NullPointerException: Cannot invoke "com.example.usercrud.model.Usuario.getId()" because the return value of "com.example.usercrud.model.Post.getUsuario()" is null
2024-03-20T16:33:42.293-03:00 ERROR 12736 --- [usercrud] [http-nio-8080-exec-9] o.a.c.c.C.[.[.[/].[dispatcherServlet]    : Servlet.service() for servlet [dispatcherServlet] in context with path [] threw exception [Request processing failed: java.lang.NullPointerException: Cannot invoke "com.example.usercrud.model.Usuario.getId()" because the return value of "com.example.usercrud.model.Post.getUsuario()" is null] with root cause

java.lang.NullPointerException: Cannot invoke "com.example.usercrud.model.Usuario.getId()" because the return value of "com.example.usercrud.model.Post.getUsuario()" is null
	at com.example.usercrud.controller.PostController.criarPost(PostController.java:62) ~[classes/:na]
	at java.base/jdk.internal.reflect.NativeMethodAccessorImpl.invoke0(Native Method) ~[na:na]
	at java.base/jdk.internal.reflect.NativeMethodAccessorImpl.invoke(NativeMethodAccessorImpl.java:77) ~[na:na]
	at java.base/jdk.internal.reflect.DelegatingMethodAccessorImpl.invoke(DelegatingMethodAccessorImpl.java:43) ~[na:na]
	at java.base/java.lang.reflect.Method.invoke(Method.java:568) ~[na:na]
	at org.springframework.web.method.support.InvocableHandlerMethod.doInvoke(InvocableHandlerMethod.java:259) ~[spring-web-6.1.4.jar:6.1.4]
	at org.springframework.web.method.support.InvocableHandlerMethod.invokeForRequest(InvocableHandlerMethod.java:192) ~[spring-web-6.1.4.jar:6.1.4]
	at org.springframework.web.servlet.mvc.method.annotation.ServletInvocableHandlerMethod.invokeAndHandle(ServletInvocableHandlerMethod.java:118) ~[spring-webmvc-6.1.4.jar:6.1.4]
	at org.springframework.web.servlet.mvc.method.annotation.RequestMappingHandlerAdapter.invokeHandlerMethod(RequestMappingHandlerAdapter.java:920) ~[spring-webmvc-6.1.4.jar:6.1.4]
	at org.springframework.web.servlet.mvc.method.annotation.RequestMappingHandlerAdapter.handleInternal(RequestMappingHandlerAdapter.java:830) ~[spring-webmvc-6.1.4.jar:6.1.4]
	at org.springframework.web.servlet.mvc.method.AbstractHandlerMethodAdapter.handle(AbstractHandlerMethodAdapter.java:87) ~[spring-webmvc-6.1.4.jar:6.1.4]
	at org.springframework.web.servlet.DispatcherServlet.doDispatch(DispatcherServlet.java:1089) ~[spring-webmvc-6.1.4.jar:6.1.4]
	at org.springframework.web.servlet.DispatcherServlet.doService(DispatcherServlet.java:979) ~[spring-webmvc-6.1.4.jar:6.1.4]
	at org.springframework.web.servlet.FrameworkServlet.processRequest(FrameworkServlet.java:1014) ~[spring-webmvc-6.1.4.jar:6.1.4]
	at org.springframework.web.servlet.FrameworkServlet.doPost(FrameworkServlet.java:914) ~[spring-webmvc-6.1.4.jar:6.1.4]
	at jakarta.servlet.http.HttpServlet.service(HttpServlet.java:590) ~[tomcat-embed-core-10.1.19.jar:6.0]
	at org.springframework.web.servlet.FrameworkServlet.service(FrameworkServlet.java:885) ~[spring-webmvc-6.1.4.jar:6.1.4]
	at jakarta.servlet.http.HttpServlet.service(HttpServlet.java:658) ~[tomcat-embed-core-10.1.19.jar:6.0]
	at org.apache.catalina.core.ApplicationFilterChain.internalDoFilter(ApplicationFilterChain.java:205) ~[tomcat-embed-core-10.1.19.jar:10.1.19]
	at org.apache.catalina.core.ApplicationFilterChain.doFilter(ApplicationFilterChain.java:149) ~[tomcat-embed-core-10.1.19.jar:10.1.19]
	at org.apache.tomcat.websocket.server.WsFilter.doFilter(WsFilter.java:51) ~[tomcat-embed-websocket-10.1.19.jar:10.1.19]
	at org.apache.catalina.core.ApplicationFilterChain.internalDoFilter(ApplicationFilterChain.java:174) ~[tomcat-embed-core-10.1.19.jar:10.1.19]
	at org.apache.catalina.core.ApplicationFilterChain.doFilter(ApplicationFilterChain.java:149) ~[tomcat-embed-core-10.1.19.jar:10.1.19]
	at org.springframework.web.filter.RequestContextFilter.doFilterInternal(RequestContextFilter.java:100) ~[spring-web-6.1.4.jar:6.1.4]
	at org.springframework.web.filter.OncePerRequestFilter.doFilter(OncePerRequestFilter.java:116) ~[spring-web-6.1.4.jar:6.1.4]
	at org.apache.catalina.core.ApplicationFilterChain.internalDoFilter(ApplicationFilterChain.java:174) ~[tomcat-embed-core-10.1.19.jar:10.1.19]
	at org.apache.catalina.core.ApplicationFilterChain.doFilter(ApplicationFilterChain.java:149) ~[tomcat-embed-core-10.1.19.jar:10.1.19]
	at org.springframework.web.filter.FormContentFilter.doFilterInternal(FormContentFilter.java:93) ~[spring-web-6.1.4.jar:6.1.4]
	at org.springframework.web.filter.OncePerRequestFilter.doFilter(OncePerRequestFilter.java:116) ~[spring-web-6.1.4.jar:6.1.4]
	at org.apache.catalina.core.ApplicationFilterChain.internalDoFilter(ApplicationFilterChain.java:174) ~[tomcat-embed-core-10.1.19.jar:10.1.19]
	at org.apache.catalina.core.ApplicationFilterChain.doFilter(ApplicationFilterChain.java:149) ~[tomcat-embed-core-10.1.19.jar:10.1.19]
	at org.springframework.web.filter.CharacterEncodingFilter.doFilterInternal(CharacterEncodingFilter.java:201) ~[spring-web-6.1.4.jar:6.1.4]
	at org.springframework.web.filter.OncePerRequestFilter.doFilter(OncePerRequestFilter.java:116) ~[spring-web-6.1.4.jar:6.1.4]
	at org.apache.catalina.core.ApplicationFilterChain.internalDoFilter(ApplicationFilterChain.java:174) ~[tomcat-embed-core-10.1.19.jar:10.1.19]
	at org.apache.catalina.core.ApplicationFilterChain.doFilter(ApplicationFilterChain.java:149) ~[tomcat-embed-core-10.1.19.jar:10.1.19]
	at org.apache.catalina.core.StandardWrapperValve.invoke(StandardWrapperValve.java:167) ~[tomcat-embed-core-10.1.19.jar:10.1.19]
	at org.apache.catalina.core.StandardContextValve.invoke(StandardContextValve.java:90) ~[tomcat-embed-core-10.1.19.jar:10.1.19]
	at org.apache.catalina.authenticator.AuthenticatorBase.invoke(AuthenticatorBase.java:482) ~[tomcat-embed-core-10.1.19.jar:10.1.19]
	at org.apache.catalina.core.StandardHostValve.invoke(StandardHostValve.java:115) ~[tomcat-embed-core-10.1.19.jar:10.1.19]
	at org.apache.catalina.valves.ErrorReportValve.invoke(ErrorReportValve.java:93) ~[tomcat-embed-core-10.1.19.jar:10.1.19]
	at org.apache.catalina.core.StandardEngineValve.invoke(StandardEngineValve.java:74) ~[tomcat-embed-core-10.1.19.jar:10.1.19]
	at org.apache.catalina.connector.CoyoteAdapter.service(CoyoteAdapter.java:344) ~[tomcat-embed-core-10.1.19.jar:10.1.19]
	at org.apache.coyote.http11.Http11Processor.service(Http11Processor.java:391) ~[tomcat-embed-core-10.1.19.jar:10.1.19]
	at org.apache.coyote.AbstractProcessorLight.process(AbstractProcessorLight.java:63) ~[tomcat-embed-core-10.1.19.jar:10.1.19]
	at org.apache.coyote.AbstractProtocol$ConnectionHandler.process(AbstractProtocol.java:896) ~[tomcat-embed-core-10.1.19.jar:10.1.19]
	at org.apache.tomcat.util.net.NioEndpoint$SocketProcessor.doRun(NioEndpoint.java:1744) ~[tomcat-embed-core-10.1.19.jar:10.1.19]
	at org.apache.tomcat.util.net.SocketProcessorBase.run(SocketProcessorBase.java:52) ~[tomcat-embed-core-10.1.19.jar:10.1.19]
	at org.apache.tomcat.util.threads.ThreadPoolExecutor.runWorker(ThreadPoolExecutor.java:1191) ~[tomcat-embed-core-10.1.19.jar:10.1.19]
	at org.apache.tomcat.util.threads.ThreadPoolExecutor$Worker.run(ThreadPoolExecutor.java:659) ~[tomcat-embed-core-10.1.19.jar:10.1.19]
	at org.apache.tomcat.util.threads.TaskThread$WrappingRunnable.run(TaskThread.java:63) ~[tomcat-embed-core-10.1.19.jar:10.1.19]
	at java.base/java.lang.Thread.run(Thread.java:840) ~[na:na]

2024-03-20T16:33:42.294-03:00 DEBUG 12736 --- [usercrud] [http-nio-8080-exec-9] o.s.web.servlet.DispatcherServlet        : "ERROR" dispatch for POST "/error", parameters={}
2024-03-20T16:33:42.295-03:00 DEBUG 12736 --- [usercrud] [http-nio-8080-exec-9] s.w.s.m.m.a.RequestMappingHandlerMapping : Mapped to org.springframework.boot.autoconfigure.web.servlet.error.BasicErrorController#error(HttpServletRequest)
2024-03-20T16:33:42.295-03:00 DEBUG 12736 --- [usercrud] [http-nio-8080-exec-9] o.s.w.s.m.m.a.HttpEntityMethodProcessor  : Using 'application/json', given [*/*] and supported [application/json, application/*+json]
2024-03-20T16:33:42.296-03:00 DEBUG 12736 --- [usercrud] [http-nio-8080-exec-9] o.s.w.s.m.m.a.HttpEntityMethodProcessor  : Writing [{timestamp=Wed Mar 20 16:33:42 BRT 2024, status=500, error=Internal Server Error, trace=java.lang.Nu (truncated)...]
2024-03-20T16:33:42.296-03:00 DEBUG 12736 --- [usercrud] [http-nio-8080-exec-9] o.s.web.servlet.DispatcherServlet        : Exiting from "ERROR" dispatch, status 500
2024-03-20T16:34:01.567-03:00 DEBUG 12736 --- [usercrud] [http-nio-8080-exec-10] o.s.web.servlet.DispatcherServlet        : GET "/usuario/1", parameters={}
2024-03-20T16:34:01.568-03:00 DEBUG 12736 --- [usercrud] [http-nio-8080-exec-10] s.w.s.m.m.a.RequestMappingHandlerMapping : Mapped to com.example.usercrud.controller.UsuarioController#listaUsuarios(Long)
2024-03-20T16:34:01.570-03:00 DEBUG 12736 --- [usercrud] [http-nio-8080-exec-10] o.s.w.s.m.m.a.HttpEntityMethodProcessor  : Using 'application/json', given [*/*] and supported [application/json, application/*+json]
2024-03-20T16:34:01.570-03:00 DEBUG 12736 --- [usercrud] [http-nio-8080-exec-10] o.s.w.s.m.m.a.HttpEntityMethodProcessor  : Writing [UsuarioDTO(id=1, nome=Leandro Cerqueira, email=leo@gmail.com, comunidades=null)]
2024-03-20T16:34:01.571-03:00 DEBUG 12736 --- [usercrud] [http-nio-8080-exec-10] o.s.web.servlet.DispatcherServlet        : Completed 200 OK
2024-03-20T16:40:05.466-03:00 DEBUG 12736 --- [usercrud] [http-nio-8080-exec-2] o.s.web.servlet.DispatcherServlet        : POST "/post/criaPost", parameters={}
2024-03-20T16:40:05.467-03:00 DEBUG 12736 --- [usercrud] [http-nio-8080-exec-2] s.w.s.m.m.a.RequestMappingHandlerMapping : Mapped to com.example.usercrud.controller.PostController#criarPost(PostForm, UriComponentsBuilder)
2024-03-20T16:40:05.467-03:00 DEBUG 12736 --- [usercrud] [http-nio-8080-exec-2] m.m.a.RequestResponseBodyMethodProcessor : Read "application/json;charset=UTF-8" to [PostForm(titulo=teste, conteudo=estou testando o app..., usuario=UsuarioDTO(id=1, nome=Leandro Cerqu (truncated)...]
2024-03-20T16:40:05.468-03:00 DEBUG 12736 --- [usercrud] [http-nio-8080-exec-2] o.s.web.servlet.DispatcherServlet        : Failed to complete request: java.lang.NullPointerException: Cannot invoke "com.example.usercrud.model.Usuario.getId()" because the return value of "com.example.usercrud.model.Post.getUsuario()" is null
2024-03-20T16:40:05.468-03:00 ERROR 12736 --- [usercrud] [http-nio-8080-exec-2] o.a.c.c.C.[.[.[/].[dispatcherServlet]    : Servlet.service() for servlet [dispatcherServlet] in context with path [] threw exception [Request processing failed: java.lang.NullPointerException: Cannot invoke "com.example.usercrud.model.Usuario.getId()" because the return value of "com.example.usercrud.model.Post.getUsuario()" is null] with root cause

java.lang.NullPointerException: Cannot invoke "com.example.usercrud.model.Usuario.getId()" because the return value of "com.example.usercrud.model.Post.getUsuario()" is null
	at com.example.usercrud.controller.PostController.criarPost(PostController.java:62) ~[classes/:na]
	at java.base/jdk.internal.reflect.NativeMethodAccessorImpl.invoke0(Native Method) ~[na:na]
	at java.base/jdk.internal.reflect.NativeMethodAccessorImpl.invoke(NativeMethodAccessorImpl.java:77) ~[na:na]
	at java.base/jdk.internal.reflect.DelegatingMethodAccessorImpl.invoke(DelegatingMethodAccessorImpl.java:43) ~[na:na]
	at java.base/java.lang.reflect.Method.invoke(Method.java:568) ~[na:na]
	at org.springframework.web.method.support.InvocableHandlerMethod.doInvoke(InvocableHandlerMethod.java:259) ~[spring-web-6.1.4.jar:6.1.4]
	at org.springframework.web.method.support.InvocableHandlerMethod.invokeForRequest(InvocableHandlerMethod.java:192) ~[spring-web-6.1.4.jar:6.1.4]
	at org.springframework.web.servlet.mvc.method.annotation.ServletInvocableHandlerMethod.invokeAndHandle(ServletInvocableHandlerMethod.java:118) ~[spring-webmvc-6.1.4.jar:6.1.4]
	at org.springframework.web.servlet.mvc.method.annotation.RequestMappingHandlerAdapter.invokeHandlerMethod(RequestMappingHandlerAdapter.java:920) ~[spring-webmvc-6.1.4.jar:6.1.4]
	at org.springframework.web.servlet.mvc.method.annotation.RequestMappingHandlerAdapter.handleInternal(RequestMappingHandlerAdapter.java:830) ~[spring-webmvc-6.1.4.jar:6.1.4]
	at org.springframework.web.servlet.mvc.method.AbstractHandlerMethodAdapter.handle(AbstractHandlerMethodAdapter.java:87) ~[spring-webmvc-6.1.4.jar:6.1.4]
	at org.springframework.web.servlet.DispatcherServlet.doDispatch(DispatcherServlet.java:1089) ~[spring-webmvc-6.1.4.jar:6.1.4]
	at org.springframework.web.servlet.DispatcherServlet.doService(DispatcherServlet.java:979) ~[spring-webmvc-6.1.4.jar:6.1.4]
	at org.springframework.web.servlet.FrameworkServlet.processRequest(FrameworkServlet.java:1014) ~[spring-webmvc-6.1.4.jar:6.1.4]
	at org.springframework.web.servlet.FrameworkServlet.doPost(FrameworkServlet.java:914) ~[spring-webmvc-6.1.4.jar:6.1.4]
	at jakarta.servlet.http.HttpServlet.service(HttpServlet.java:590) ~[tomcat-embed-core-10.1.19.jar:6.0]
	at org.springframework.web.servlet.FrameworkServlet.service(FrameworkServlet.java:885) ~[spring-webmvc-6.1.4.jar:6.1.4]
	at jakarta.servlet.http.HttpServlet.service(HttpServlet.java:658) ~[tomcat-embed-core-10.1.19.jar:6.0]
	at org.apache.catalina.core.ApplicationFilterChain.internalDoFilter(ApplicationFilterChain.java:205) ~[tomcat-embed-core-10.1.19.jar:10.1.19]
	at org.apache.catalina.core.ApplicationFilterChain.doFilter(ApplicationFilterChain.java:149) ~[tomcat-embed-core-10.1.19.jar:10.1.19]
	at org.apache.tomcat.websocket.server.WsFilter.doFilter(WsFilter.java:51) ~[tomcat-embed-websocket-10.1.19.jar:10.1.19]
	at org.apache.catalina.core.ApplicationFilterChain.internalDoFilter(ApplicationFilterChain.java:174) ~[tomcat-embed-core-10.1.19.jar:10.1.19]
	at org.apache.catalina.core.ApplicationFilterChain.doFilter(ApplicationFilterChain.java:149) ~[tomcat-embed-core-10.1.19.jar:10.1.19]
	at org.springframework.web.filter.RequestContextFilter.doFilterInternal(RequestContextFilter.java:100) ~[spring-web-6.1.4.jar:6.1.4]
	at org.springframework.web.filter.OncePerRequestFilter.doFilter(OncePerRequestFilter.java:116) ~[spring-web-6.1.4.jar:6.1.4]
	at org.apache.catalina.core.ApplicationFilterChain.internalDoFilter(ApplicationFilterChain.java:174) ~[tomcat-embed-core-10.1.19.jar:10.1.19]
	at org.apache.catalina.core.ApplicationFilterChain.doFilter(ApplicationFilterChain.java:149) ~[tomcat-embed-core-10.1.19.jar:10.1.19]
	at org.springframework.web.filter.FormContentFilter.doFilterInternal(FormContentFilter.java:93) ~[spring-web-6.1.4.jar:6.1.4]
	at org.springframework.web.filter.OncePerRequestFilter.doFilter(OncePerRequestFilter.java:116) ~[spring-web-6.1.4.jar:6.1.4]
	at org.apache.catalina.core.ApplicationFilterChain.internalDoFilter(ApplicationFilterChain.java:174) ~[tomcat-embed-core-10.1.19.jar:10.1.19]
	at org.apache.catalina.core.ApplicationFilterChain.doFilter(ApplicationFilterChain.java:149) ~[tomcat-embed-core-10.1.19.jar:10.1.19]
	at org.springframework.web.filter.CharacterEncodingFilter.doFilterInternal(CharacterEncodingFilter.java:201) ~[spring-web-6.1.4.jar:6.1.4]
	at org.springframework.web.filter.OncePerRequestFilter.doFilter(OncePerRequestFilter.java:116) ~[spring-web-6.1.4.jar:6.1.4]
	at org.apache.catalina.core.ApplicationFilterChain.internalDoFilter(ApplicationFilterChain.java:174) ~[tomcat-embed-core-10.1.19.jar:10.1.19]
	at org.apache.catalina.core.ApplicationFilterChain.doFilter(ApplicationFilterChain.java:149) ~[tomcat-embed-core-10.1.19.jar:10.1.19]
	at org.apache.catalina.core.StandardWrapperValve.invoke(StandardWrapperValve.java:167) ~[tomcat-embed-core-10.1.19.jar:10.1.19]
	at org.apache.catalina.core.StandardContextValve.invoke(StandardContextValve.java:90) ~[tomcat-embed-core-10.1.19.jar:10.1.19]
	at org.apache.catalina.authenticator.AuthenticatorBase.invoke(AuthenticatorBase.java:482) ~[tomcat-embed-core-10.1.19.jar:10.1.19]
	at org.apache.catalina.core.StandardHostValve.invoke(StandardHostValve.java:115) ~[tomcat-embed-core-10.1.19.jar:10.1.19]
	at org.apache.catalina.valves.ErrorReportValve.invoke(ErrorReportValve.java:93) ~[tomcat-embed-core-10.1.19.jar:10.1.19]
	at org.apache.catalina.core.StandardEngineValve.invoke(StandardEngineValve.java:74) ~[tomcat-embed-core-10.1.19.jar:10.1.19]
	at org.apache.catalina.connector.CoyoteAdapter.service(CoyoteAdapter.java:344) ~[tomcat-embed-core-10.1.19.jar:10.1.19]
	at org.apache.coyote.http11.Http11Processor.service(Http11Processor.java:391) ~[tomcat-embed-core-10.1.19.jar:10.1.19]
	at org.apache.coyote.AbstractProcessorLight.process(AbstractProcessorLight.java:63) ~[tomcat-embed-core-10.1.19.jar:10.1.19]
	at org.apache.coyote.AbstractProtocol$ConnectionHandler.process(AbstractProtocol.java:896) ~[tomcat-embed-core-10.1.19.jar:10.1.19]
	at org.apache.tomcat.util.net.NioEndpoint$SocketProcessor.doRun(NioEndpoint.java:1744) ~[tomcat-embed-core-10.1.19.jar:10.1.19]
	at org.apache.tomcat.util.net.SocketProcessorBase.run(SocketProcessorBase.java:52) ~[tomcat-embed-core-10.1.19.jar:10.1.19]
	at org.apache.tomcat.util.threads.ThreadPoolExecutor.runWorker(ThreadPoolExecutor.java:1191) ~[tomcat-embed-core-10.1.19.jar:10.1.19]
	at org.apache.tomcat.util.threads.ThreadPoolExecutor$Worker.run(ThreadPoolExecutor.java:659) ~[tomcat-embed-core-10.1.19.jar:10.1.19]
	at org.apache.tomcat.util.threads.TaskThread$WrappingRunnable.run(TaskThread.java:63) ~[tomcat-embed-core-10.1.19.jar:10.1.19]
	at java.base/java.lang.Thread.run(Thread.java:840) ~[na:na]

2024-03-20T16:40:05.469-03:00 DEBUG 12736 --- [usercrud] [http-nio-8080-exec-2] o.s.web.servlet.DispatcherServlet        : "ERROR" dispatch for POST "/error", parameters={}
2024-03-20T16:40:05.469-03:00 DEBUG 12736 --- [usercrud] [http-nio-8080-exec-2] s.w.s.m.m.a.RequestMappingHandlerMapping : Mapped to org.springframework.boot.autoconfigure.web.servlet.error.BasicErrorController#error(HttpServletRequest)
2024-03-20T16:40:05.470-03:00 DEBUG 12736 --- [usercrud] [http-nio-8080-exec-2] o.s.w.s.m.m.a.HttpEntityMethodProcessor  : Using 'application/json', given [*/*] and supported [application/json, application/*+json]
2024-03-20T16:40:05.470-03:00 DEBUG 12736 --- [usercrud] [http-nio-8080-exec-2] o.s.w.s.m.m.a.HttpEntityMethodProcessor  : Writing [{timestamp=Wed Mar 20 16:40:05 BRT 2024, status=500, error=Internal Server Error, trace=java.lang.Nu (truncated)...]
2024-03-20T16:40:05.471-03:00 DEBUG 12736 --- [usercrud] [http-nio-8080-exec-2] o.s.web.servlet.DispatcherServlet        : Exiting from "ERROR" dispatch, status 500
2024-03-20T16:53:14.497-03:00  WARN 12736 --- [usercrud] [restartedMain] org.hibernate.orm.deprecation            : HHH90000025: PostgreSQLDialect does not need to be specified explicitly using 'hibernate.dialect' (remove the property setting and it will be selected by default)
2024-03-20T16:53:14.652-03:00  WARN 12736 --- [usercrud] [restartedMain] JpaBaseConfiguration$JpaWebConfiguration : spring.jpa.open-in-view is enabled by default. Therefore, database queries may be performed during view rendering. Explicitly configure spring.jpa.open-in-view to disable this warning
2024-03-20T16:53:14.670-03:00 DEBUG 12736 --- [usercrud] [restartedMain] s.w.s.m.m.a.RequestMappingHandlerMapping : 21 mappings in 'requestMappingHandlerMapping'
2024-03-20T16:53:14.835-03:00 DEBUG 12736 --- [usercrud] [restartedMain] o.s.w.s.handler.SimpleUrlHandlerMapping  : Patterns [/webjars/**, /**, /swagger-ui*/*swagger-initializer.js, /swagger-ui*/**] in 'resourceHandlerMapping'
2024-03-20T16:53:14.839-03:00 DEBUG 12736 --- [usercrud] [restartedMain] s.w.s.m.m.a.RequestMappingHandlerAdapter : ControllerAdvice beans: 0 @ModelAttribute, 0 @InitBinder, 1 RequestBodyAdvice, 1 ResponseBodyAdvice
2024-03-20T16:53:14.841-03:00 DEBUG 12736 --- [usercrud] [restartedMain] .m.m.a.ExceptionHandlerExceptionResolver : ControllerAdvice beans: 1 @ExceptionHandler, 1 ResponseBodyAdvice
2024-03-20T17:05:46.572-03:00  WARN 12736 --- [usercrud] [restartedMain] org.hibernate.orm.deprecation            : HHH90000025: PostgreSQLDialect does not need to be specified explicitly using 'hibernate.dialect' (remove the property setting and it will be selected by default)
2024-03-20T17:05:46.720-03:00  WARN 12736 --- [usercrud] [restartedMain] JpaBaseConfiguration$JpaWebConfiguration : spring.jpa.open-in-view is enabled by default. Therefore, database queries may be performed during view rendering. Explicitly configure spring.jpa.open-in-view to disable this warning
2024-03-20T17:05:46.734-03:00 DEBUG 12736 --- [usercrud] [restartedMain] s.w.s.m.m.a.RequestMappingHandlerMapping : 21 mappings in 'requestMappingHandlerMapping'
2024-03-20T17:05:46.888-03:00 DEBUG 12736 --- [usercrud] [restartedMain] o.s.w.s.handler.SimpleUrlHandlerMapping  : Patterns [/webjars/**, /**, /swagger-ui*/*swagger-initializer.js, /swagger-ui*/**] in 'resourceHandlerMapping'
2024-03-20T17:05:46.893-03:00 DEBUG 12736 --- [usercrud] [restartedMain] s.w.s.m.m.a.RequestMappingHandlerAdapter : ControllerAdvice beans: 0 @ModelAttribute, 0 @InitBinder, 1 RequestBodyAdvice, 1 ResponseBodyAdvice
2024-03-20T17:05:46.895-03:00 DEBUG 12736 --- [usercrud] [restartedMain] .m.m.a.ExceptionHandlerExceptionResolver : ControllerAdvice beans: 1 @ExceptionHandler, 1 ResponseBodyAdvice
